This is pdfTeX, Version 3.141592653-2.6-1.40.25 (TeX Live 2023/Debian) (preloaded format=pdflatex)
 restricted \write18 enabled.
entering extended mode
(./facturas/factura_50780144-378c-4936-b647-938e878e42e2.tex
LaTeX2e <2023-11-01> patch level 1
L3 programming layer <2024-01-22>
(/usr/share/texlive/texmf-dist/tex/latex/base/article.cls
Document Class: article 2023/05/17 v1.4n Standard LaTeX document class
(/usr/share/texlive/texmf-dist/tex/latex/base/size12.clo))
(/usr/share/texlive/texmf-dist/tex/latex/base/inputenc.sty)
(/usr/share/texlive/texmf-dist/tex/latex/geometry/geometry.sty
(/usr/share/texlive/texmf-dist/tex/latex/graphics/keyval.sty)
(/usr/share/texlive/texmf-dist/tex/generic/iftex/ifvtex.sty
(/usr/share/texlive/texmf-dist/tex/generic/iftex/iftex.sty)))
(/usr/share/texlive/texmf-dist/tex/latex/graphics/graphicx.sty
(/usr/share/texlive/texmf-dist/tex/latex/graphics/graphics.sty
(/usr/share/texlive/texmf-dist/tex/latex/graphics/trig.sty)
(/usr/share/texlive/texmf-dist/tex/latex/graphics-cfg/graphics.cfg)
(/usr/share/texlive/texmf-dist/tex/latex/graphics-def/pdftex.def)))
(/usr/share/texlive/texmf-dist/tex/latex/fancyhdr/fancyhdr.sty)
(/usr/share/texlive/texmf-dist/tex/latex/lastpage/lastpage.sty
(/usr/share/texlive/texmf-dist/tex/latex/lastpage/lastpage2e.sty
(/usr/share/texlive/texmf-dist/tex/latex/lastpage/lastpagemodern.sty) 
)) (/usr/share/texlive/texmf-dist/tex/latex/graphics/color.sty
(/usr/share/texlive/texmf-dist/tex/latex/graphics-cfg/color.cfg)
(/usr/share/texlive/texmf-dist/tex/latex/graphics/mathcolor.ltx))
(/usr/share/texlive/texmf-dist/tex/latex/titlesec/titlesec.sty)
(/usr/share/texlive/texmf-dist/tex/latex/tools/array.sty)
(/usr/share/texlive/texmf-dist/tex/latex/tools/longtable.sty)
(/usr/share/texlive/texmf-dist/tex/latex/hyperref/hyperref.sty
(/usr/share/texlive/texmf-dist/tex/latex/kvsetkeys/kvsetkeys.sty)
(/usr/share/texlive/texmf-dist/tex/generic/kvdefinekeys/kvdefinekeys.sty)
(/usr/share/texlive/texmf-dist/tex/generic/pdfescape/pdfescape.sty
(/usr/share/texlive/texmf-dist/tex/generic/ltxcmds/ltxcmds.sty)
(/usr/share/texlive/texmf-dist/tex/generic/pdftexcmds/pdftexcmds.sty
(/usr/share/texlive/texmf-dist/tex/generic/infwarerr/infwarerr.sty)))
(/usr/share/texlive/texmf-dist/tex/latex/hycolor/hycolor.sty)
(/usr/share/texlive/texmf-dist/tex/latex/auxhook/auxhook.sty)
(/usr/share/texlive/texmf-dist/tex/latex/hyperref/nameref.sty
(/usr/share/texlive/texmf-dist/tex/latex/refcount/refcount.sty)
(/usr/share/texlive/texmf-dist/tex/generic/gettitlestring/gettitlestring.sty
(/usr/share/texlive/texmf-dist/tex/latex/kvoptions/kvoptions.sty)))
(/usr/share/texlive/texmf-dist/tex/latex/etoolbox/etoolbox.sty)
(/usr/share/texlive/texmf-dist/tex/latex/hyperref/pd1enc.def)
(/usr/share/texlive/texmf-dist/tex/generic/intcalc/intcalc.sty)
(/usr/share/texlive/texmf-dist/tex/latex/hyperref/puenc.def)
(/usr/share/texlive/texmf-dist/tex/latex/url/url.sty)
(/usr/share/texlive/texmf-dist/tex/generic/bitset/bitset.sty
(/usr/share/texlive/texmf-dist/tex/generic/bigintcalc/bigintcalc.sty))
(/usr/share/texlive/texmf-dist/tex/latex/base/atbegshi-ltx.sty))
(/usr/share/texlive/texmf-dist/tex/latex/hyperref/hpdftex.def
(/usr/share/texlive/texmf-dist/tex/latex/base/atveryend-ltx.sty)
(/usr/share/texlive/texmf-dist/tex/latex/rerunfilecheck/rerunfilecheck.sty
(/usr/share/texlive/texmf-dist/tex/generic/uniquecounter/uniquecounter.sty)))
(/usr/share/texlive/texmf-dist/tex/latex/tools/tabularx.sty)
(/usr/share/texlive/texmf-dist/tex/latex/colortbl/colortbl.sty)
(/usr/share/texlive/texmf-dist/tex/latex/xcolor/xcolor.sty
(/usr/share/texlive/texmf-dist/tex/latex/graphics-cfg/color.cfg)
(/usr/share/texlive/texmf-dist/tex/latex/graphics/mathcolor.ltx))
(/usr/share/texlive/texmf-dist/tex/latex/l3backend/l3backend-pdftex.def)
No file factura_50780144-378c-4936-b647-938e878e42e2.aux.
*geometry* driver: auto-detecting
*geometry* detected driver: pdftex
(/usr/share/texlive/texmf-dist/tex/context/base/mkii/supp-pdf.mkii
[Loading MPS to PDF converter (version 2006.09.02).]
) (/usr/share/texlive/texmf-dist/tex/latex/epstopdf-pkg/epstopdf-base.sty
(/usr/share/texlive/texmf-dist/tex/latex/latexconfig/epstopdf-sys.cfg))
Overfull \hbox (7.21284pt too wide) in alignment at lines 53--53
[][] 

Overfull \hbox (7.21284pt too wide) in alignment at lines 68--68
[][] 

Package fancyhdr Warning: \headheight is too small (12.0pt): 
(fancyhdr)                Make it at least 14.49998pt, for example:
(fancyhdr)                \setlength{\headheight}{14.49998pt}.
(fancyhdr)                You might also make \topmargin smaller to compensate:

(fancyhdr)                \addtolength{\topmargin}{-2.49998pt}.


LaTeX Warning: Reference `LastPage' on page 1 undefined on input line 83.

[1{/var/lib/texmf/fonts/map/pdftex/updmap/pdftex.map}]

enddocument/afterlastpage: lastpage setting LastPage.
(facturas/factura_50780144-378c-4936-b647-938e878e42e2.aux)
kpathsea: Running mktexpk --mfmode / --bdpi 600 --mag 1+0/600 --dpi 600 tcrm1200
mktexpk: Running mf-nowin -progname=mf \mode:=ljfour; mag:=1+0/600; nonstopmode; input tcrm1200
This is METAFONT, Version 2.71828182 (TeX Live 2023/Debian) (preloaded base=mf)

(/usr/share/texlive/texmf-dist/fonts/source/jknappen/ec/tcrm1200.mf
(/usr/share/texlive/texmf-dist/fonts/source/jknappen/ec/exbase.mf)
(/usr/share/texlive/texmf-dist/fonts/source/jknappen/ec/tcrm.mf
(/usr/share/texlive/texmf-dist/fonts/source/jknappen/ec/txsymb.mf
 Ok (/usr/share/texlive/texmf-dist/fonts/source/jknappen/ec/exaccess.mf
 Ok) (/usr/share/texlive/texmf-dist/fonts/source/jknappen/ec/txpseudo.mf
 Ok) (/usr/share/texlive/texmf-dist/fonts/source/jknappen/ec/txaccent.mf
 Ok [0] [1] [2] [3] [4] [5] [6] [7] [8] [9] [10] [11] [12] [27] [29])
(/usr/share/texlive/texmf-dist/fonts/source/jknappen/ec/txgen.mf
 Ok [100] [109] [98] [99] [108])
(/usr/share/texlive/texmf-dist/fonts/source/jknappen/ec/txsymbol.mf
 Ok [13] [18] [21] [22] [23] [24] [25] [26] [28] [31] [32] [36] [39] [44]
[45] [46] [42] [47] [60] [61] [62] [77] [79] [87] [110] [91] [93] [94] [95]
[96] [126] [127] [128] [129] [130] [131] [132] [133] [134] [135] [136] [137]
[138] [139] [140] [141] [142] [143] [144] [145] [146] [147] [148] [149]
[150] [151] [152] [153] [154] [155] [156] [157] [158] [159] [160] [161]
[162] [163] [164] [165] [166] [167] [168] [169] [171] [172] [173] [174]
[175] [177] [176] [180] [181] [182] [183] [184] [187] [191] [214] [246])
(/usr/share/texlive/texmf-dist/fonts/source/jknappen/ec/txromod.mf
 Ok [48] [49] [50] [51] [52] [53] [54] [55] [56] [57])
(/usr/share/texlive/texmf-dist/fonts/source/jknappen/ec/txrsuper.mf
 Ok [185] [178] [179] [170] [186])
(/usr/share/texlive/texmf-dist/fonts/source/jknappen/ec/txrfract.mf
 Ok [188] [189] [190]) ) ) )
(some charht values had to be adjusted by as much as 0.06665pt)
Font metrics written on tcrm1200.tfm.
Output written on tcrm1200.600gf (128 characters, 28032 bytes).
Transcript written on tcrm1200.log.
mktexpk: /home/joscalion/.texlive2023/texmf-var/fonts/pk/ljfour/jknappen/ec/tcrm1200.600pk: successfully generated.


LaTeX Warning: There were undefined references.


LaTeX Warning: Label(s) may have changed. Rerun to get cross-references right.


Package rerunfilecheck Warning: File `factura_50780144-378c-4936-b647-938e878e4
2e2.out' has changed.
(rerunfilecheck)                Rerun to get outlines right
(rerunfilecheck)                or use package `bookmark'.


Package lastpage Warning: Rerun to get the references right on input line 83.

 )
(see the transcript file for additional information) </home/joscalion/.texlive2
023/texmf-var/fonts/pk/ljfour/jknappen/ec/tcrm1200.600pk></usr/share/texlive/te
xmf-dist/fonts/type1/public/amsfonts/cm/cmbx12.pfb></usr/share/texlive/texmf-di
st/fonts/type1/public/amsfonts/cm/cmr12.pfb></usr/share/texlive/texmf-dist/font
s/type1/public/amsfonts/cm/cmti12.pfb>
Output written on facturas/factura_50780144-378c-4936-b647-938e878e42e2.pdf (1 
page, 45803 bytes).
Transcript written on facturas/factura_50780144-378c-4936-b647-938e878e42e2.log
.
